{
  "RSpec": {
    "coverage": {
      "/Users/blakejohnson/ada/shipalot/config/environment.rb": [
        null,
        1,
        null,
        null,
        1
      ],
      "/Users/blakejohnson/ada/shipalot/config/application.rb": [
        1,
        null,
        1,
        null,
        null,
        null,
        1,
        null,
        1,
        1,
        null,
        null
      ],
      "/Users/blakejohnson/ada/shipalot/config/boot.rb": [
        null,
        1,
        null,
        1
      ],
      "/Users/blakejohnson/ada/shipalot/config/environments/test.rb": [
        1,
        null,
        1,
        null,
        1,
        null,
        null,
        1,
        1,
        null,
        null,
        1,
        1,
        null,
        null,
        1,
        null,
        null,
        1,
        null,
        null,
        null,
        null,
        1,
        null,
        null,
        1,
        null
      ],
      "/Users/blakejohnson/ada/shipalot/config/initializers/backtrace_silencers.rb": [

      ],
      "/Users/blakejohnson/ada/shipalot/config/initializers/filter_parameter_logging.rb": [
        null,
        null,
        null,
        1
      ],
      "/Users/blakejohnson/ada/shipalot/config/initializers/inflections.rb": [
        null,
        null,
        null,
        null,
        null,
        null,
        null,
        null,
        null,
        null,
        null,
        null,
        null,
        null,
        null,
        null
      ],
      "/Users/blakejohnson/ada/shipalot/config/initializers/mime_types.rb": [
        null,
        null,
        null,
        null,
        null
      ],
      "/Users/blakejohnson/ada/shipalot/config/initializers/secret_token.rb": [
        1
      ],
      "/Users/blakejohnson/ada/shipalot/config/initializers/session_store.rb": [
        null,
        null,
        1
      ],
      "/Users/blakejohnson/ada/shipalot/config/initializers/wrap_parameters.rb": [
        null,
        null,
        null,
        null,
        null,
        null,
        1,
        1,
        null,
        null,
        null,
        null,
        null,
        null
      ],
      "/Users/blakejohnson/ada/shipalot/spec/factories/shippinglog.rb": [
        1,
        1,
        null,
        null
      ],
      "/Users/blakejohnson/ada/shipalot/config/routes.rb": [
        1,
        null,
        1,
        null,
        1,
        null,
        null
      ],
      "/Users/blakejohnson/ada/shipalot/app/helpers/application_helper.rb": [
        1,
        null
      ],
      "/Users/blakejohnson/ada/shipalot/app/helpers/requests_helper.rb": [
        1,
        null
      ],
      "/Users/blakejohnson/ada/shipalot/spec/support/vcr.rb": [
        1,
        null,
        1,
        1,
        1,
        1,
        1,
        null
      ],
      "/Users/blakejohnson/ada/shipalot/app/controllers/shipping_logs_controller.rb": [
        1,
        1,
        null,
        null,
        1,
        1,
        1,
        null,
        1,
        2,
        1,
        null,
        null,
        null,
        1,
        1,
        1,
        null,
        1,
        2,
        1,
        null,
        null,
        null,
        null,
        null,
        null,
        null,
        null,
        null,
        null,
        null,
        null,
        null,
        null,
        null
      ],
      "/Users/blakejohnson/ada/shipalot/app/controllers/application_controller.rb": [
        1,
        null,
        null,
        1,
        1,
        null
      ],
      "/Users/blakejohnson/ada/shipalot/spec/models/rate_getter_spec.rb": [
        1,
        null,
        1,
        null,
        1,
        null,
        null,
        1,
        null,
        null,
        null,
        null,
        null,
        null,
        null,
        null,
        null,
        null,
        null,
        null,
        6,
        null,
        6,
        null,
        null,
        1,
        1,
        1,
        null,
        null,
        null,
        1,
        1,
        1,
        null,
        null,
        null,
        1,
        1,
        1,
        null,
        null,
        null,
        1,
        1,
        1,
        null,
        null,
        null,
        null,
        1,
        1,
        null,
        1,
        1,
        null,
        1,
        null,
        null,
        1,
        1,
        null,
        1,
        1,
        null,
        1,
        null,
        null,
        null
      ],
      "/Users/blakejohnson/ada/shipalot/app/models/rate_getter.rb": [
        1,
        1,
        null,
        1,
        1,
        null,
        1,
        8,
        8,
        null,
        null,
        1,
        5,
        null,
        null,
        1,
        5,
        null,
        null,
        1,
        5,
        null,
        15,
        null,
        null,
        null,
        1,
        5,
        null,
        null,
        1,
        4,
        null,
        null,
        1,
        30,
        null,
        null,
        null,
        null,
        1,
        null,
        1,
        3,
        null,
        null,
        null,
        null,
        null,
        null,
        1,
        2,
        null,
        null,
        null,
        null,
        null,
        null,
        null,
        null
      ],
      "/Users/blakejohnson/ada/shipalot/app/models/shipping_log.rb": [
        1,
        null
      ]
    },
    "timestamp": 1394468747
  }
}
